0 info it worked if it ends with ok
1 verbose cli [ 'c:\\Program Files\\nodejs\\node.exe',
1 verbose cli   'c:\\Program Files\\nodejs\\node_modules\\npm\\bin\\npm-cli.js',
1 verbose cli   'i',
1 verbose cli   'modernizr#3.0.0-pre' ]
2 info using npm@2.11.3
3 info using node@v0.12.7
4 verbose install initial load of c:\Users\Agent095\yandexdisk\html\loftschool\frontend\course-web-developer\project1\package.json
5 verbose installManyTop reading scoped package data from c:\Users\Agent095\yandexdisk\html\loftschool\frontend\course-web-developer\project1\node_modules\browser-sync\package.json
6 verbose installManyTop reading scoped package data from c:\Users\Agent095\yandexdisk\html\loftschool\frontend\course-web-developer\project1\node_modules\gulp\package.json
7 verbose installManyTop reading scoped package data from c:\Users\Agent095\yandexdisk\html\loftschool\frontend\course-web-developer\project1\node_modules\gulp-less\package.json
8 verbose installManyTop reading scoped package data from c:\Users\Agent095\yandexdisk\html\loftschool\frontend\course-web-developer\project1\node_modules\gulp-minify-css\package.json
9 verbose installManyTop reading scoped package data from c:\Users\Agent095\yandexdisk\html\loftschool\frontend\course-web-developer\project1\node_modules\path\package.json
10 info package.json path@0.11.14 path is also the name of a node core module.
11 verbose readDependencies loading dependencies from c:\Users\Agent095\yandexdisk\html\loftschool\frontend\course-web-developer\project1\package.json
12 silly cache add args [ 'modernizr#3.0.0-pre', null ]
13 verbose cache add spec modernizr#3.0.0-pre
14 silly cache add parsed spec { raw: 'modernizr#3.0.0-pre',
14 silly cache add   scope: null,
14 silly cache add   name: null,
14 silly cache add   rawSpec: 'modernizr#3.0.0-pre',
14 silly cache add   spec: 'c:\\Users\\Agent095\\yandexdisk\\html\\loftschool\\frontend\\course-web-developer\\project1\\modernizr#3.0.0-pre',
14 silly cache add   type: 'local' }
15 error addLocal Could not install c:\Users\Agent095\yandexdisk\html\loftschool\frontend\course-web-developer\project1\modernizr#3.0.0-pre
16 verbose stack Error: ENOENT, open 'c:\Users\Agent095\yandexdisk\html\loftschool\frontend\course-web-developer\project1\modernizr#3.0.0-pre'
16 verbose stack     at Error (native)
17 verbose cwd c:\Users\Agent095\yandexdisk\html\loftschool\frontend\course-web-developer\project1
18 error Windows_NT 6.3.9600
19 error argv "c:\\Program Files\\nodejs\\node.exe" "c:\\Program Files\\nodejs\\node_modules\\npm\\bin\\npm-cli.js" "i" "modernizr#3.0.0-pre"
20 error node v0.12.7
21 error npm  v2.11.3
22 error path c:\Users\Agent095\yandexdisk\html\loftschool\frontend\course-web-developer\project1\modernizr#3.0.0-pre
23 error code ENOENT
24 error errno -4058
25 error enoent ENOENT, open 'c:\Users\Agent095\yandexdisk\html\loftschool\frontend\course-web-developer\project1\modernizr#3.0.0-pre'
25 error enoent This is most likely not a problem with npm itself
25 error enoent and is related to npm not being able to find a file.
26 verbose exit [ -4058, true ]
